{"numTotalTestSuites":17,"numPassedTestSuites":0,"numFailedTestSuites":17,"numPendingTestSuites":0,"numTotalTests":42,"numPassedTests":9,"numFailedTests":33,"numPendingTests":0,"numTodoTests":0,"snapshot":{"added":0,"failure":false,"filesAdded":0,"filesRemoved":0,"filesRemovedList":[],"filesUnmatched":0,"filesUpdated":0,"matched":0,"total":0,"unchecked":0,"uncheckedKeysByFile":[],"unmatched":0,"updated":0,"didUpdate":false},"startTime":1757629006990,"success":false,"testResults":[{"assertionResults":[{"ancestorTitles":["Migration Utils","isMigrationNeeded"],"fullName":"Migration Utils isMigrationNeeded should return true when localStorage has data and no migration info","status":"passed","title":"should return true when localStorage has data and no migration info","duration":21.665100000798702,"failureMessages":[],"location":{"line":57,"column":5},"meta":{}},{"ancestorTitles":["Migration Utils","isMigrationNeeded"],"fullName":"Migration Utils isMigrationNeeded should return false when migration is already completed","status":"failed","title":"should return false when migration is already completed","duration":11.012000001966953,"failureMessages":["AssertionError: expected true to be false // Object.is equality\n    at D:\\0CODE\\lovable\\At-your-service\\a_votre_service\\src\\utils\\migrationUtils.test.ts:66:22\n    at file:///D:/0CODE/lovable/At-your-service/a_votre_service/node_modules/@vitest/runner/dist/chunk-hooks.js:155:11\n    at file:///D:/0CODE/lovable/At-your-service/a_votre_service/node_modules/@vitest/runner/dist/chunk-hooks.js:752:26\n    at file:///D:/0CODE/lovable/At-your-service/a_votre_service/node_modules/@vitest/runner/dist/chunk-hooks.js:1897:20\n    at new Promise (<anonymous>)\n    at runWithTimeout (file:///D:/0CODE/lovable/At-your-service/a_votre_service/node_modules/@vitest/runner/dist/chunk-hooks.js:1863:10)\n    at runTest (file:///D:/0CODE/lovable/At-your-service/a_votre_service/node_modules/@vitest/runner/dist/chunk-hooks.js:1574:12)\n    at runSuite (file:///D:/0CODE/lovable/At-your-service/a_votre_service/node_modules/@vitest/runner/dist/chunk-hooks.js:1729:8)\n    at runSuite (file:///D:/0CODE/lovable/At-your-service/a_votre_service/node_modules/@vitest/runner/dist/chunk-hooks.js:1729:8)\n    at runSuite (file:///D:/0CODE/lovable/At-your-service/a_votre_service/node_modules/@vitest/runner/dist/chunk-hooks.js:1729:8)"],"location":{"line":63,"column":5},"meta":{}},{"ancestorTitles":["Migration Utils","isMigrationNeeded"],"fullName":"Migration Utils isMigrationNeeded should return false when localStorage is empty","status":"failed","title":"should return false when localStorage is empty","duration":3.3674000054597855,"failureMessages":["AssertionError: expected true to be false // Object.is equality\n    at D:\\0CODE\\lovable\\At-your-service\\a_votre_service\\src\\utils\\migrationUtils.test.ts:71:22\n    at file:///D:/0CODE/lovable/At-your-service/a_votre_service/node_modules/@vitest/runner/dist/chunk-hooks.js:155:11\n    at file:///D:/0CODE/lovable/At-your-service/a_votre_service/node_modules/@vitest/runner/dist/chunk-hooks.js:752:26\n    at file:///D:/0CODE/lovable/At-your-service/a_votre_service/node_modules/@vitest/runner/dist/chunk-hooks.js:1897:20\n    at new Promise (<anonymous>)\n    at runWithTimeout (file:///D:/0CODE/lovable/At-your-service/a_votre_service/node_modules/@vitest/runner/dist/chunk-hooks.js:1863:10)\n    at runTest (file:///D:/0CODE/lovable/At-your-service/a_votre_service/node_modules/@vitest/runner/dist/chunk-hooks.js:1574:12)\n    at runSuite (file:///D:/0CODE/lovable/At-your-service/a_votre_service/node_modules/@vitest/runner/dist/chunk-hooks.js:1729:8)\n    at runSuite (file:///D:/0CODE/lovable/At-your-service/a_votre_service/node_modules/@vitest/runner/dist/chunk-hooks.js:1729:8)\n    at runSuite (file:///D:/0CODE/lovable/At-your-service/a_votre_service/node_modules/@vitest/runner/dist/chunk-hooks.js:1729:8)"],"location":{"line":69,"column":5},"meta":{}},{"ancestorTitles":["Migration Utils","isMigrationNeeded"],"fullName":"Migration Utils isMigrationNeeded should ignore system keys when checking for data","status":"failed","title":"should ignore system keys when checking for data","duration":4.035900004208088,"failureMessages":["AssertionError: expected true to be false // Object.is equality\n    at D:\\0CODE\\lovable\\At-your-service\\a_votre_service\\src\\utils\\migrationUtils.test.ts:79:22\n    at file:///D:/0CODE/lovable/At-your-service/a_votre_service/node_modules/@vitest/runner/dist/chunk-hooks.js:155:11\n    at file:///D:/0CODE/lovable/At-your-service/a_votre_service/node_modules/@vitest/runner/dist/chunk-hooks.js:752:26\n    at file:///D:/0CODE/lovable/At-your-service/a_votre_service/node_modules/@vitest/runner/dist/chunk-hooks.js:1897:20\n    at new Promise (<anonymous>)\n    at runWithTimeout (file:///D:/0CODE/lovable/At-your-service/a_votre_service/node_modules/@vitest/runner/dist/chunk-hooks.js:1863:10)\n    at runTest (file:///D:/0CODE/lovable/At-your-service/a_votre_service/node_modules/@vitest/runner/dist/chunk-hooks.js:1574:12)\n    at runSuite (file:///D:/0CODE/lovable/At-your-service/a_votre_service/node_modules/@vitest/runner/dist/chunk-hooks.js:1729:8)\n    at runSuite (file:///D:/0CODE/lovable/At-your-service/a_votre_service/node_modules/@vitest/runner/dist/chunk-hooks.js:1729:8)\n    at runSuite (file:///D:/0CODE/lovable/At-your-service/a_votre_service/node_modules/@vitest/runner/dist/chunk-hooks.js:1729:8)"],"location":{"line":74,"column":5},"meta":{}},{"ancestorTitles":["Migration Utils","createLocalStorageBackup"],"fullName":"Migration Utils createLocalStorageBackup should create backup successfully","status":"failed","title":"should create backup successfully","duration":4.391099996864796,"failureMessages":["TypeError: Cannot read properties of undefined (reading 'test-key')\n    at D:\\0CODE\\lovable\\At-your-service\\a_votre_service\\src\\utils\\migrationUtils.test.ts:91:26\n    at file:///D:/0CODE/lovable/At-your-service/a_votre_service/node_modules/@vitest/runner/dist/chunk-hooks.js:155:11\n    at file:///D:/0CODE/lovable/At-your-service/a_votre_service/node_modules/@vitest/runner/dist/chunk-hooks.js:752:26\n    at file:///D:/0CODE/lovable/At-your-service/a_votre_service/node_modules/@vitest/runner/dist/chunk-hooks.js:1897:20\n    at new Promise (<anonymous>)\n    at runWithTimeout (file:///D:/0CODE/lovable/At-your-service/a_votre_service/node_modules/@vitest/runner/dist/chunk-hooks.js:1863:10)\n    at runTest (file:///D:/0CODE/lovable/At-your-service/a_votre_service/node_modules/@vitest/runner/dist/chunk-hooks.js:1574:12)\n    at runSuite (file:///D:/0CODE/lovable/At-your-service/a_votre_service/node_modules/@vitest/runner/dist/chunk-hooks.js:1729:8)\n    at runSuite (file:///D:/0CODE/lovable/At-your-service/a_votre_service/node_modules/@vitest/runner/dist/chunk-hooks.js:1729:8)\n    at runSuite (file:///D:/0CODE/lovable/At-your-service/a_votre_service/node_modules/@vitest/runner/dist/chunk-hooks.js:1729:8)"],"location":{"line":84,"column":5},"meta":{}},{"ancestorTitles":["Migration Utils","createLocalStorageBackup"],"fullName":"Migration Utils createLocalStorageBackup should return null when localStorage is empty","status":"failed","title":"should return null when localStorage is empty","duration":4.212200000882149,"failureMessages":["AssertionError: expected '{\"timestamp\":1757668193686,\"version\":…' to be null\n    at D:\\0CODE\\lovable\\At-your-service\\a_votre_service\\src\\utils\\migrationUtils.test.ts:98:22\n    at file:///D:/0CODE/lovable/At-your-service/a_votre_service/node_modules/@vitest/runner/dist/chunk-hooks.js:155:11\n    at file:///D:/0CODE/lovable/At-your-service/a_votre_service/node_modules/@vitest/runner/dist/chunk-hooks.js:752:26\n    at file:///D:/0CODE/lovable/At-your-service/a_votre_service/node_modules/@vitest/runner/dist/chunk-hooks.js:1897:20\n    at new Promise (<anonymous>)\n    at runWithTimeout (file:///D:/0CODE/lovable/At-your-service/a_votre_service/node_modules/@vitest/runner/dist/chunk-hooks.js:1863:10)\n    at runTest (file:///D:/0CODE/lovable/At-your-service/a_votre_service/node_modules/@vitest/runner/dist/chunk-hooks.js:1574:12)\n    at runSuite (file:///D:/0CODE/lovable/At-your-service/a_votre_service/node_modules/@vitest/runner/dist/chunk-hooks.js:1729:8)\n    at runSuite (file:///D:/0CODE/lovable/At-your-service/a_votre_service/node_modules/@vitest/runner/dist/chunk-hooks.js:1729:8)\n    at runSuite (file:///D:/0CODE/lovable/At-your-service/a_votre_service/node_modules/@vitest/runner/dist/chunk-hooks.js:1729:8)"],"location":{"line":96,"column":5},"meta":{}},{"ancestorTitles":["Migration Utils","createLocalStorageBackup"],"fullName":"Migration Utils createLocalStorageBackup should exclude system keys from backup","status":"failed","title":"should exclude system keys from backup","duration":2.9411999955773354,"failureMessages":["TypeError: Cannot read properties of undefined (reading 'test-key')\n    at D:\\0CODE\\lovable\\At-your-service\\a_votre_service\\src\\utils\\migrationUtils.test.ts:108:26\n    at file:///D:/0CODE/lovable/At-your-service/a_votre_service/node_modules/@vitest/runner/dist/chunk-hooks.js:155:11\n    at file:///D:/0CODE/lovable/At-your-service/a_votre_service/node_modules/@vitest/runner/dist/chunk-hooks.js:752:26\n    at file:///D:/0CODE/lovable/At-your-service/a_votre_service/node_modules/@vitest/runner/dist/chunk-hooks.js:1897:20\n    at new Promise (<anonymous>)\n    at runWithTimeout (file:///D:/0CODE/lovable/At-your-service/a_votre_service/node_modules/@vitest/runner/dist/chunk-hooks.js:1863:10)\n    at runTest (file:///D:/0CODE/lovable/At-your-service/a_votre_service/node_modules/@vitest/runner/dist/chunk-hooks.js:1574:12)\n    at runSuite (file:///D:/0CODE/lovable/At-your-service/a_votre_service/node_modules/@vitest/runner/dist/chunk-hooks.js:1729:8)\n    at runSuite (file:///D:/0CODE/lovable/At-your-service/a_votre_service/node_modules/@vitest/runner/dist/chunk-hooks.js:1729:8)\n    at runSuite (file:///D:/0CODE/lovable/At-your-service/a_votre_service/node_modules/@vitest/runner/dist/chunk-hooks.js:1729:8)"],"location":{"line":101,"column":5},"meta":{}},{"ancestorTitles":["Migration Utils","parseLegacyData"],"fullName":"Migration Utils parseLegacyData should parse valid JSON data","status":"failed","title":"should parse valid JSON data","duration":8.371200002729893,"failureMessages":["AssertionError: expected 'temporary' to be 'GENERAL' // Object.is equality\n    at D:\\0CODE\\lovable\\At-your-service\\a_votre_service\\src\\utils\\migrationUtils.test.ts:121:32\n    at file:///D:/0CODE/lovable/At-your-service/a_votre_service/node_modules/@vitest/runner/dist/chunk-hooks.js:155:11\n    at file:///D:/0CODE/lovable/At-your-service/a_votre_service/node_modules/@vitest/runner/dist/chunk-hooks.js:752:26\n    at file:///D:/0CODE/lovable/At-your-service/a_votre_service/node_modules/@vitest/runner/dist/chunk-hooks.js:1897:20\n    at new Promise (<anonymous>)\n    at runWithTimeout (file:///D:/0CODE/lovable/At-your-service/a_votre_service/node_modules/@vitest/runner/dist/chunk-hooks.js:1863:10)\n    at runTest (file:///D:/0CODE/lovable/At-your-service/a_votre_service/node_modules/@vitest/runner/dist/chunk-hooks.js:1574:12)\n    at runSuite (file:///D:/0CODE/lovable/At-your-service/a_votre_service/node_modules/@vitest/runner/dist/chunk-hooks.js:1729:8)\n    at runSuite (file:///D:/0CODE/lovable/At-your-service/a_votre_service/node_modules/@vitest/runner/dist/chunk-hooks.js:1729:8)\n    at runSuite (file:///D:/0CODE/lovable/At-your-service/a_votre_service/node_modules/@vitest/runner/dist/chunk-hooks.js:1729:8)"],"location":{"line":115,"column":5},"meta":{}},{"ancestorTitles":["Migration Utils","parseLegacyData"],"fullName":"Migration Utils parseLegacyData should categorize productivity tools correctly","status":"failed","title":"should categorize productivity tools correctly","duration":3.531700000166893,"failureMessages":["AssertionError: expected 'productivity' to be 'PRODUCTIVITY' // Object.is equality\n    at D:\\0CODE\\lovable\\At-your-service\\a_votre_service\\src\\utils\\migrationUtils.test.ts:129:32\n    at file:///D:/0CODE/lovable/At-your-service/a_votre_service/node_modules/@vitest/runner/dist/chunk-hooks.js:155:11\n    at file:///D:/0CODE/lovable/At-your-service/a_votre_service/node_modules/@vitest/runner/dist/chunk-hooks.js:752:26\n    at file:///D:/0CODE/lovable/At-your-service/a_votre_service/node_modules/@vitest/runner/dist/chunk-hooks.js:1897:20\n    at new Promise (<anonymous>)\n    at runWithTimeout (file:///D:/0CODE/lovable/At-your-service/a_votre_service/node_modules/@vitest/runner/dist/chunk-hooks.js:1863:10)\n    at runTest (file:///D:/0CODE/lovable/At-your-service/a_votre_service/node_modules/@vitest/runner/dist/chunk-hooks.js:1574:12)\n    at runSuite (file:///D:/0CODE/lovable/At-your-service/a_votre_service/node_modules/@vitest/runner/dist/chunk-hooks.js:1729:8)\n    at runSuite (file:///D:/0CODE/lovable/At-your-service/a_votre_service/node_modules/@vitest/runner/dist/chunk-hooks.js:1729:8)\n    at runSuite (file:///D:/0CODE/lovable/At-your-service/a_votre_service/node_modules/@vitest/runner/dist/chunk-hooks.js:1729:8)"],"location":{"line":125,"column":5},"meta":{}},{"ancestorTitles":["Migration Utils","parseLegacyData"],"fullName":"Migration Utils parseLegacyData should categorize social tools correctly","status":"failed","title":"should categorize social tools correctly","duration":4.042000003159046,"failureMessages":["AssertionError: expected 'temporary' to be 'SOCIAL' // Object.is equality\n    at D:\\0CODE\\lovable\\At-your-service\\a_votre_service\\src\\utils\\migrationUtils.test.ts:136:32\n    at file:///D:/0CODE/lovable/At-your-service/a_votre_service/node_modules/@vitest/runner/dist/chunk-hooks.js:155:11\n    at file:///D:/0CODE/lovable/At-your-service/a_votre_service/node_modules/@vitest/runner/dist/chunk-hooks.js:752:26\n    at file:///D:/0CODE/lovable/At-your-service/a_votre_service/node_modules/@vitest/runner/dist/chunk-hooks.js:1897:20\n    at new Promise (<anonymous>)\n    at runWithTimeout (file:///D:/0CODE/lovable/At-your-service/a_votre_service/node_modules/@vitest/runner/dist/chunk-hooks.js:1863:10)\n    at runTest (file:///D:/0CODE/lovable/At-your-service/a_votre_service/node_modules/@vitest/runner/dist/chunk-hooks.js:1574:12)\n    at runSuite (file:///D:/0CODE/lovable/At-your-service/a_votre_service/node_modules/@vitest/runner/dist/chunk-hooks.js:1729:8)\n    at runSuite (file:///D:/0CODE/lovable/At-your-service/a_votre_service/node_modules/@vitest/runner/dist/chunk-hooks.js:1729:8)\n    at runSuite (file:///D:/0CODE/lovable/At-your-service/a_votre_service/node_modules/@vitest/runner/dist/chunk-hooks.js:1729:8)"],"location":{"line":132,"column":5},"meta":{}},{"ancestorTitles":["Migration Utils","parseLegacyData"],"fullName":"Migration Utils parseLegacyData should handle invalid JSON gracefully","status":"failed","title":"should handle invalid JSON gracefully","duration":5.220999993383884,"failureMessages":["AssertionError: expected { data: 'invalid-json{', …(2) } to be null\n    at D:\\0CODE\\lovable\\At-your-service\\a_votre_service\\src\\utils\\migrationUtils.test.ts:141:22\n    at file:///D:/0CODE/lovable/At-your-service/a_votre_service/node_modules/@vitest/runner/dist/chunk-hooks.js:155:11\n    at file:///D:/0CODE/lovable/At-your-service/a_votre_service/node_modules/@vitest/runner/dist/chunk-hooks.js:752:26\n    at file:///D:/0CODE/lovable/At-your-service/a_votre_service/node_modules/@vitest/runner/dist/chunk-hooks.js:1897:20\n    at new Promise (<anonymous>)\n    at runWithTimeout (file:///D:/0CODE/lovable/At-your-service/a_votre_service/node_modules/@vitest/runner/dist/chunk-hooks.js:1863:10)\n    at runTest (file:///D:/0CODE/lovable/At-your-service/a_votre_service/node_modules/@vitest/runner/dist/chunk-hooks.js:1574:12)\n    at runSuite (file:///D:/0CODE/lovable/At-your-service/a_votre_service/node_modules/@vitest/runner/dist/chunk-hooks.js:1729:8)\n    at runSuite (file:///D:/0CODE/lovable/At-your-service/a_votre_service/node_modules/@vitest/runner/dist/chunk-hooks.js:1729:8)\n    at runSuite (file:///D:/0CODE/lovable/At-your-service/a_votre_service/node_modules/@vitest/runner/dist/chunk-hooks.js:1729:8)"],"location":{"line":139,"column":5},"meta":{}},{"ancestorTitles":["Migration Utils","parseLegacyData"],"fullName":"Migration Utils parseLegacyData should handle plain string values","status":"passed","title":"should handle plain string values","duration":1.5307000055909157,"failureMessages":[],"location":{"line":144,"column":5},"meta":{}},{"ancestorTitles":["Migration Utils","validateMigratedData"],"fullName":"Migration Utils validateMigratedData should validate identical primitive data","status":"failed","title":"should validate identical primitive data","duration":2.406800001859665,"failureMessages":["AssertionError: expected false to be true // Object.is equality\n    at D:\\0CODE\\lovable\\At-your-service\\a_votre_service\\src\\utils\\migrationUtils.test.ts:155:22\n    at file:///D:/0CODE/lovable/At-your-service/a_votre_service/node_modules/@vitest/runner/dist/chunk-hooks.js:155:11\n    at file:///D:/0CODE/lovable/At-your-service/a_votre_service/node_modules/@vitest/runner/dist/chunk-hooks.js:752:26\n    at file:///D:/0CODE/lovable/At-your-service/a_votre_service/node_modules/@vitest/runner/dist/chunk-hooks.js:1897:20\n    at new Promise (<anonymous>)\n    at runWithTimeout (file:///D:/0CODE/lovable/At-your-service/a_votre_service/node_modules/@vitest/runner/dist/chunk-hooks.js:1863:10)\n    at runTest (file:///D:/0CODE/lovable/At-your-service/a_votre_service/node_modules/@vitest/runner/dist/chunk-hooks.js:1574:12)\n    at runSuite (file:///D:/0CODE/lovable/At-your-service/a_votre_service/node_modules/@vitest/runner/dist/chunk-hooks.js:1729:8)\n    at runSuite (file:///D:/0CODE/lovable/At-your-service/a_votre_service/node_modules/@vitest/runner/dist/chunk-hooks.js:1729:8)\n    at runSuite (file:///D:/0CODE/lovable/At-your-service/a_votre_service/node_modules/@vitest/runner/dist/chunk-hooks.js:1729:8)"],"location":{"line":151,"column":5},"meta":{}},{"ancestorTitles":["Migration Utils","validateMigratedData"],"fullName":"Migration Utils validateMigratedData should validate object data structure","status":"passed","title":"should validate object data structure","duration":1.1986000016331673,"failureMessages":[],"location":{"line":158,"column":5},"meta":{}},{"ancestorTitles":["Migration Utils","validateMigratedData"],"fullName":"Migration Utils validateMigratedData should detect data structure mismatch","status":"passed","title":"should detect data structure mismatch","duration":1.031300000846386,"failureMessages":[],"location":{"line":165,"column":5},"meta":{}},{"ancestorTitles":["Migration Utils","validateMigratedData"],"fullName":"Migration Utils validateMigratedData should handle null values","status":"passed","title":"should handle null values","duration":0.9268999993801117,"failureMessages":[],"location":{"line":172,"column":5},"meta":{}},{"ancestorTitles":["Migration Utils","migrateFromLocalStorage"],"fullName":"Migration Utils migrateFromLocalStorage should migrate data successfully","status":"failed","title":"should migrate data successfully","duration":2.8348999992012978,"failureMessages":["AssertionError: expected +0 to be 2 // Object.is equality\n    at D:\\0CODE\\lovable\\At-your-service\\a_votre_service\\src\\utils\\migrationUtils.test.ts:188:36\n    at file:///D:/0CODE/lovable/At-your-service/a_votre_service/node_modules/@vitest/runner/dist/chunk-hooks.js:752:20"],"location":{"line":179,"column":5},"meta":{}},{"ancestorTitles":["Migration Utils","migrateFromLocalStorage"],"fullName":"Migration Utils migrateFromLocalStorage should handle migration errors gracefully","status":"failed","title":"should handle migration errors gracefully","duration":3.5766000002622604,"failureMessages":["AssertionError: expected +0 to be 1 // Object.is equality\n    at D:\\0CODE\\lovable\\At-your-service\\a_votre_service\\src\\utils\\migrationUtils.test.ts:204:36\n    at file:///D:/0CODE/lovable/At-your-service/a_votre_service/node_modules/@vitest/runner/dist/chunk-hooks.js:752:20"],"location":{"line":193,"column":5},"meta":{}},{"ancestorTitles":["Migration Utils","migrateFromLocalStorage"],"fullName":"Migration Utils migrateFromLocalStorage should create backup before migration","status":"failed","title":"should create backup before migration","duration":5.299300000071526,"failureMessages":["AssertionError: expected 0 to be greater than 0\n    at D:\\0CODE\\lovable\\At-your-service\\a_votre_service\\src\\utils\\migrationUtils.test.ts:218:33\n    at file:///D:/0CODE/lovable/At-your-service/a_votre_service/node_modules/@vitest/runner/dist/chunk-hooks.js:752:20"],"location":{"line":208,"column":5},"meta":{}},{"ancestorTitles":["Migration Utils","cleanupAfterMigration"],"fullName":"Migration Utils cleanupAfterMigration should remove migrated data from localStorage","status":"failed","title":"should remove migrated data from localStorage","duration":2.4596000015735626,"failureMessages":["AssertionError: expected 'test-value' to be null\n    at D:\\0CODE\\lovable\\At-your-service\\a_votre_service\\src\\utils\\migrationUtils.test.ts:231:48\n    at file:///D:/0CODE/lovable/At-your-service/a_votre_service/node_modules/@vitest/runner/dist/chunk-hooks.js:155:11\n    at file:///D:/0CODE/lovable/At-your-service/a_votre_service/node_modules/@vitest/runner/dist/chunk-hooks.js:752:26\n    at file:///D:/0CODE/lovable/At-your-service/a_votre_service/node_modules/@vitest/runner/dist/chunk-hooks.js:1897:20\n    at new Promise (<anonymous>)\n    at runWithTimeout (file:///D:/0CODE/lovable/At-your-service/a_votre_service/node_modules/@vitest/runner/dist/chunk-hooks.js:1863:10)\n    at runTest (file:///D:/0CODE/lovable/At-your-service/a_votre_service/node_modules/@vitest/runner/dist/chunk-hooks.js:1574:12)\n    at runSuite (file:///D:/0CODE/lovable/At-your-service/a_votre_service/node_modules/@vitest/runner/dist/chunk-hooks.js:1729:8)\n    at runSuite (file:///D:/0CODE/lovable/At-your-service/a_votre_service/node_modules/@vitest/runner/dist/chunk-hooks.js:1729:8)\n    at runSuite (file:///D:/0CODE/lovable/At-your-service/a_votre_service/node_modules/@vitest/runner/dist/chunk-hooks.js:1729:8)"],"location":{"line":223,"column":5},"meta":{}},{"ancestorTitles":["Migration Utils","cleanupAfterMigration"],"fullName":"Migration Utils cleanupAfterMigration should remove backup when keepBackup is false","status":"failed","title":"should remove backup when keepBackup is false","duration":2.8544000014662743,"failureMessages":["AssertionError: expected 'test-value' to be null\n    at D:\\0CODE\\lovable\\At-your-service\\a_votre_service\\src\\utils\\migrationUtils.test.ts:243:48\n    at file:///D:/0CODE/lovable/At-your-service/a_votre_service/node_modules/@vitest/runner/dist/chunk-hooks.js:155:11\n    at file:///D:/0CODE/lovable/At-your-service/a_votre_service/node_modules/@vitest/runner/dist/chunk-hooks.js:752:26\n    at file:///D:/0CODE/lovable/At-your-service/a_votre_service/node_modules/@vitest/runner/dist/chunk-hooks.js:1897:20\n    at new Promise (<anonymous>)\n    at runWithTimeout (file:///D:/0CODE/lovable/At-your-service/a_votre_service/node_modules/@vitest/runner/dist/chunk-hooks.js:1863:10)\n    at runTest (file:///D:/0CODE/lovable/At-your-service/a_votre_service/node_modules/@vitest/runner/dist/chunk-hooks.js:1574:12)\n    at runSuite (file:///D:/0CODE/lovable/At-your-service/a_votre_service/node_modules/@vitest/runner/dist/chunk-hooks.js:1729:8)\n    at runSuite (file:///D:/0CODE/lovable/At-your-service/a_votre_service/node_modules/@vitest/runner/dist/chunk-hooks.js:1729:8)\n    at runSuite (file:///D:/0CODE/lovable/At-your-service/a_votre_service/node_modules/@vitest/runner/dist/chunk-hooks.js:1729:8)"],"location":{"line":237,"column":5},"meta":{}},{"ancestorTitles":["Migration Utils","restoreFromBackup"],"fullName":"Migration Utils restoreFromBackup should restore data from backup successfully","status":"failed","title":"should restore data from backup successfully","duration":2.5883000046014786,"failureMessages":["AssertionError: expected false to be true // Object.is equality\n    at D:\\0CODE\\lovable\\At-your-service\\a_votre_service\\src\\utils\\migrationUtils.test.ts:263:30\n    at file:///D:/0CODE/lovable/At-your-service/a_votre_service/node_modules/@vitest/runner/dist/chunk-hooks.js:752:20"],"location":{"line":249,"column":5},"meta":{}},{"ancestorTitles":["Migration Utils","restoreFromBackup"],"fullName":"Migration Utils restoreFromBackup should handle missing backup","status":"passed","title":"should handle missing backup","duration":2.596799999475479,"failureMessages":[],"location":{"line":270,"column":5},"meta":{}},{"ancestorTitles":["Migration Utils","restoreFromBackup"],"fullName":"Migration Utils restoreFromBackup should handle corrupted backup","status":"failed","title":"should handle corrupted backup","duration":5.402400001883507,"failureMessages":["AssertionError: expected 'No backup found for restoration' to contain 'error'\n    at D:\\0CODE\\lovable\\At-your-service\\a_votre_service\\src\\utils\\migrationUtils.test.ts:280:28\n    at file:///D:/0CODE/lovable/At-your-service/a_votre_service/node_modules/@vitest/runner/dist/chunk-hooks.js:752:20"],"location":{"line":276,"column":5},"meta":{}},{"ancestorTitles":["Migration Utils","restoreFromBackup"],"fullName":"Migration Utils restoreFromBackup should handle empty backup data","status":"failed","title":"should handle empty backup data","duration":4.459299996495247,"failureMessages":["AssertionError: expected 'No backup found for restoration' to be 'Backup data is empty' // Object.is equality\n    at D:\\0CODE\\lovable\\At-your-service\\a_votre_service\\src\\utils\\migrationUtils.test.ts:287:28\n    at file:///D:/0CODE/lovable/At-your-service/a_votre_service/node_modules/@vitest/runner/dist/chunk-hooks.js:752:20"],"location":{"line":283,"column":5},"meta":{}},{"ancestorTitles":["Migration Utils","restoreFromBackup"],"fullName":"Migration Utils restoreFromBackup should handle invalid backup format","status":"failed","title":"should handle invalid backup format","duration":2.7343000024557114,"failureMessages":["AssertionError: expected 'No backup found for restoration' to be 'Invalid backup data format' // Object.is equality\n    at D:\\0CODE\\lovable\\At-your-service\\a_votre_service\\src\\utils\\migrationUtils.test.ts:295:28\n    at file:///D:/0CODE/lovable/At-your-service/a_votre_service/node_modules/@vitest/runner/dist/chunk-hooks.js:752:20"],"location":{"line":290,"column":5},"meta":{}}],"startTime":1757668193639,"endTime":1757668193756.7344,"status":"failed","message":"","name":"D:/0CODE/lovable/At-your-service/a_votre_service/src/utils/migrationUtils.test.ts"},{"assertionResults":[{"ancestorTitles":["Migration Utils","isMigrationNeeded"],"fullName":"Migration Utils isMigrationNeeded should return true when localStorage has tool data","status":"passed","title":"should return true when localStorage has tool data","duration":7.947299994528294,"failureMessages":[],"location":{"line":49,"column":5},"meta":{}},{"ancestorTitles":["Migration Utils","isMigrationNeeded"],"fullName":"Migration Utils isMigrationNeeded should return false when no tool data exists","status":"failed","title":"should return false when no tool data exists","duration":13.78489999473095,"failureMessages":["AssertionError: expected true to be false // Object.is equality\n    at D:\\0CODE\\lovable\\At-your-service\\a_votre_service\\src\\utils\\__tests__\\migrationUtils.test.ts:71:22\n    at file:///D:/0CODE/lovable/At-your-service/a_votre_service/node_modules/@vitest/runner/dist/chunk-hooks.js:155:11\n    at file:///D:/0CODE/lovable/At-your-service/a_votre_service/node_modules/@vitest/runner/dist/chunk-hooks.js:752:26\n    at file:///D:/0CODE/lovable/At-your-service/a_votre_service/node_modules/@vitest/runner/dist/chunk-hooks.js:1897:20\n    at new Promise (<anonymous>)\n    at runWithTimeout (file:///D:/0CODE/lovable/At-your-service/a_votre_service/node_modules/@vitest/runner/dist/chunk-hooks.js:1863:10)\n    at runTest (file:///D:/0CODE/lovable/At-your-service/a_votre_service/node_modules/@vitest/runner/dist/chunk-hooks.js:1574:12)\n    at runSuite (file:///D:/0CODE/lovable/At-your-service/a_votre_service/node_modules/@vitest/runner/dist/chunk-hooks.js:1729:8)\n    at runSuite (file:///D:/0CODE/lovable/At-your-service/a_votre_service/node_modules/@vitest/runner/dist/chunk-hooks.js:1729:8)\n    at runSuite (file:///D:/0CODE/lovable/At-your-service/a_votre_service/node_modules/@vitest/runner/dist/chunk-hooks.js:1729:8)"],"location":{"line":65,"column":5},"meta":{}},{"ancestorTitles":["Migration Utils","isMigrationNeeded"],"fullName":"Migration Utils isMigrationNeeded should return false when only non-tool data exists","status":"failed","title":"should return false when only non-tool data exists","duration":4.336800001561642,"failureMessages":["AssertionError: expected true to be false // Object.is equality\n    at D:\\0CODE\\lovable\\At-your-service\\a_votre_service\\src\\utils\\__tests__\\migrationUtils.test.ts:87:22\n    at file:///D:/0CODE/lovable/At-your-service/a_votre_service/node_modules/@vitest/runner/dist/chunk-hooks.js:155:11\n    at file:///D:/0CODE/lovable/At-your-service/a_votre_service/node_modules/@vitest/runner/dist/chunk-hooks.js:752:26\n    at file:///D:/0CODE/lovable/At-your-service/a_votre_service/node_modules/@vitest/runner/dist/chunk-hooks.js:1897:20\n    at new Promise (<anonymous>)\n    at runWithTimeout (file:///D:/0CODE/lovable/At-your-service/a_votre_service/node_modules/@vitest/runner/dist/chunk-hooks.js:1863:10)\n    at runTest (file:///D:/0CODE/lovable/At-your-service/a_votre_service/node_modules/@vitest/runner/dist/chunk-hooks.js:1574:12)\n    at runSuite (file:///D:/0CODE/lovable/At-your-service/a_votre_service/node_modules/@vitest/runner/dist/chunk-hooks.js:1729:8)\n    at runSuite (file:///D:/0CODE/lovable/At-your-service/a_votre_service/node_modules/@vitest/runner/dist/chunk-hooks.js:1729:8)\n    at runSuite (file:///D:/0CODE/lovable/At-your-service/a_votre_service/node_modules/@vitest/runner/dist/chunk-hooks.js:1729:8)"],"location":{"line":74,"column":5},"meta":{}},{"ancestorTitles":["Migration Utils","createBackup"],"fullName":"Migration Utils createBackup should create backup of localStorage data","status":"failed","title":"should create backup of localStorage data","duration":3.536700002849102,"failureMessages":["TypeError: createBackup is not a function\n    at D:\\0CODE\\lovable\\At-your-service\\a_votre_service\\src\\utils\\__tests__\\migrationUtils.test.ts:107:28\n    at file:///D:/0CODE/lovable/At-your-service/a_votre_service/node_modules/@vitest/runner/dist/chunk-hooks.js:155:11\n    at file:///D:/0CODE/lovable/At-your-service/a_votre_service/node_modules/@vitest/runner/dist/chunk-hooks.js:752:26\n    at file:///D:/0CODE/lovable/At-your-service/a_votre_service/node_modules/@vitest/runner/dist/chunk-hooks.js:1897:20\n    at new Promise (<anonymous>)\n    at runWithTimeout (file:///D:/0CODE/lovable/At-your-service/a_votre_service/node_modules/@vitest/runner/dist/chunk-hooks.js:1863:10)\n    at runTest (file:///D:/0CODE/lovable/At-your-service/a_votre_service/node_modules/@vitest/runner/dist/chunk-hooks.js:1574:12)\n    at runSuite (file:///D:/0CODE/lovable/At-your-service/a_votre_service/node_modules/@vitest/runner/dist/chunk-hooks.js:1729:8)\n    at runSuite (file:///D:/0CODE/lovable/At-your-service/a_votre_service/node_modules/@vitest/runner/dist/chunk-hooks.js:1729:8)\n    at runSuite (file:///D:/0CODE/lovable/At-your-service/a_votre_service/node_modules/@vitest/runner/dist/chunk-hooks.js:1729:8)"],"location":{"line":92,"column":5},"meta":{}},{"ancestorTitles":["Migration Utils","createBackup"],"fullName":"Migration Utils createBackup should handle backup creation errors","status":"failed","title":"should handle backup creation errors","duration":4.8540999963879585,"failureMessages":["TypeError: createBackup is not a function\n    at D:\\0CODE\\lovable\\At-your-service\\a_votre_service\\src\\utils\\__tests__\\migrationUtils.test.ts:123:28\n    at file:///D:/0CODE/lovable/At-your-service/a_votre_service/node_modules/@vitest/runner/dist/chunk-hooks.js:155:11\n    at file:///D:/0CODE/lovable/At-your-service/a_votre_service/node_modules/@vitest/runner/dist/chunk-hooks.js:752:26\n    at file:///D:/0CODE/lovable/At-your-service/a_votre_service/node_modules/@vitest/runner/dist/chunk-hooks.js:1897:20\n    at new Promise (<anonymous>)\n    at runWithTimeout (file:///D:/0CODE/lovable/At-your-service/a_votre_service/node_modules/@vitest/runner/dist/chunk-hooks.js:1863:10)\n    at runTest (file:///D:/0CODE/lovable/At-your-service/a_votre_service/node_modules/@vitest/runner/dist/chunk-hooks.js:1574:12)\n    at runSuite (file:///D:/0CODE/lovable/At-your-service/a_votre_service/node_modules/@vitest/runner/dist/chunk-hooks.js:1729:8)\n    at runSuite (file:///D:/0CODE/lovable/At-your-service/a_votre_service/node_modules/@vitest/runner/dist/chunk-hooks.js:1729:8)\n    at runSuite (file:///D:/0CODE/lovable/At-your-service/a_votre_service/node_modules/@vitest/runner/dist/chunk-hooks.js:1729:8)"],"location":{"line":118,"column":5},"meta":{}},{"ancestorTitles":["Migration Utils","migrateFromLocalStorage"],"fullName":"Migration Utils migrateFromLocalStorage should migrate data successfully","status":"failed","title":"should migrate data successfully","duration":12.947299994528294,"failureMessages":["AssertionError: expected +0 to be 2 // Object.is equality\n    at D:\\0CODE\\lovable\\At-your-service\\a_votre_service\\src\\utils\\__tests__\\migrationUtils.test.ts:150:36\n    at file:///D:/0CODE/lovable/At-your-service/a_votre_service/node_modules/@vitest/runner/dist/chunk-hooks.js:752:20"],"location":{"line":131,"column":5},"meta":{}},{"ancestorTitles":["Migration Utils","migrateFromLocalStorage"],"fullName":"Migration Utils migrateFromLocalStorage should handle migration errors gracefully","status":"failed","title":"should handle migration errors gracefully","duration":2.588500000536442,"failureMessages":["AssertionError: expected true to be false // Object.is equality\n    at D:\\0CODE\\lovable\\At-your-service\\a_votre_service\\src\\utils\\__tests__\\migrationUtils.test.ts:171:30\n    at file:///D:/0CODE/lovable/At-your-service/a_votre_service/node_modules/@vitest/runner/dist/chunk-hooks.js:752:20"],"location":{"line":160,"column":5},"meta":{}},{"ancestorTitles":["Migration Utils","migrateFromLocalStorage"],"fullName":"Migration Utils migrateFromLocalStorage should skip invalid JSON data","status":"failed","title":"should skip invalid JSON data","duration":3.0855000019073486,"failureMessages":["AssertionError: expected +0 to be 1 // Object.is equality\n    at D:\\0CODE\\lovable\\At-your-service\\a_votre_service\\src\\utils\\__tests__\\migrationUtils.test.ts:191:36\n    at file:///D:/0CODE/lovable/At-your-service/a_votre_service/node_modules/@vitest/runner/dist/chunk-hooks.js:752:20"],"location":{"line":175,"column":5},"meta":{}},{"ancestorTitles":["Migration Utils","validateDataIntegrity"],"fullName":"Migration Utils validateDataIntegrity should validate data integrity successfully","status":"failed","title":"should validate data integrity successfully","duration":3.940499998629093,"failureMessages":["TypeError: validateDataIntegrity is not a function\n    at D:\\0CODE\\lovable\\At-your-service\\a_votre_service\\src\\utils\\__tests__\\migrationUtils.test.ts:206:28\n    at file:///D:/0CODE/lovable/At-your-service/a_votre_service/node_modules/@vitest/runner/dist/chunk-hooks.js:155:11\n    at file:///D:/0CODE/lovable/At-your-service/a_votre_service/node_modules/@vitest/runner/dist/chunk-hooks.js:752:26\n    at file:///D:/0CODE/lovable/At-your-service/a_votre_service/node_modules/@vitest/runner/dist/chunk-hooks.js:1897:20\n    at new Promise (<anonymous>)\n    at runWithTimeout (file:///D:/0CODE/lovable/At-your-service/a_votre_service/node_modules/@vitest/runner/dist/chunk-hooks.js:1863:10)\n    at runTest (file:///D:/0CODE/lovable/At-your-service/a_votre_service/node_modules/@vitest/runner/dist/chunk-hooks.js:1574:12)\n    at runSuite (file:///D:/0CODE/lovable/At-your-service/a_votre_service/node_modules/@vitest/runner/dist/chunk-hooks.js:1729:8)\n    at runSuite (file:///D:/0CODE/lovable/At-your-service/a_votre_service/node_modules/@vitest/runner/dist/chunk-hooks.js:1729:8)\n    at runSuite (file:///D:/0CODE/lovable/At-your-service/a_votre_service/node_modules/@vitest/runner/dist/chunk-hooks.js:1729:8)"],"location":{"line":197,"column":5},"meta":{}},{"ancestorTitles":["Migration Utils","validateDataIntegrity"],"fullName":"Migration Utils validateDataIntegrity should detect data integrity issues","status":"failed","title":"should detect data integrity issues","duration":1.850100003182888,"failureMessages":["TypeError: validateDataIntegrity is not a function\n    at D:\\0CODE\\lovable\\At-your-service\\a_votre_service\\src\\utils\\__tests__\\migrationUtils.test.ts:222:28\n    at file:///D:/0CODE/lovable/At-your-service/a_votre_service/node_modules/@vitest/runner/dist/chunk-hooks.js:155:11\n    at file:///D:/0CODE/lovable/At-your-service/a_votre_service/node_modules/@vitest/runner/dist/chunk-hooks.js:752:26\n    at file:///D:/0CODE/lovable/At-your-service/a_votre_service/node_modules/@vitest/runner/dist/chunk-hooks.js:1897:20\n    at new Promise (<anonymous>)\n    at runWithTimeout (file:///D:/0CODE/lovable/At-your-service/a_votre_service/node_modules/@vitest/runner/dist/chunk-hooks.js:1863:10)\n    at runTest (file:///D:/0CODE/lovable/At-your-service/a_votre_service/node_modules/@vitest/runner/dist/chunk-hooks.js:1574:12)\n    at runSuite (file:///D:/0CODE/lovable/At-your-service/a_votre_service/node_modules/@vitest/runner/dist/chunk-hooks.js:1729:8)\n    at runSuite (file:///D:/0CODE/lovable/At-your-service/a_votre_service/node_modules/@vitest/runner/dist/chunk-hooks.js:1729:8)\n    at runSuite (file:///D:/0CODE/lovable/At-your-service/a_votre_service/node_modules/@vitest/runner/dist/chunk-hooks.js:1729:8)"],"location":{"line":213,"column":5},"meta":{}},{"ancestorTitles":["Migration Utils","validateDataIntegrity"],"fullName":"Migration Utils validateDataIntegrity should handle missing data","status":"failed","title":"should handle missing data","duration":1.714699998497963,"failureMessages":["TypeError: validateDataIntegrity is not a function\n    at D:\\0CODE\\lovable\\At-your-service\\a_votre_service\\src\\utils\\__tests__\\migrationUtils.test.ts:235:28\n    at file:///D:/0CODE/lovable/At-your-service/a_votre_service/node_modules/@vitest/runner/dist/chunk-hooks.js:155:11\n    at file:///D:/0CODE/lovable/At-your-service/a_votre_service/node_modules/@vitest/runner/dist/chunk-hooks.js:752:26\n    at file:///D:/0CODE/lovable/At-your-service/a_votre_service/node_modules/@vitest/runner/dist/chunk-hooks.js:1897:20\n    at new Promise (<anonymous>)\n    at runWithTimeout (file:///D:/0CODE/lovable/At-your-service/a_votre_service/node_modules/@vitest/runner/dist/chunk-hooks.js:1863:10)\n    at runTest (file:///D:/0CODE/lovable/At-your-service/a_votre_service/node_modules/@vitest/runner/dist/chunk-hooks.js:1574:12)\n    at runSuite (file:///D:/0CODE/lovable/At-your-service/a_votre_service/node_modules/@vitest/runner/dist/chunk-hooks.js:1729:8)\n    at runSuite (file:///D:/0CODE/lovable/At-your-service/a_votre_service/node_modules/@vitest/runner/dist/chunk-hooks.js:1729:8)\n    at runSuite (file:///D:/0CODE/lovable/At-your-service/a_votre_service/node_modules/@vitest/runner/dist/chunk-hooks.js:1729:8)"],"location":{"line":228,"column":5},"meta":{}},{"ancestorTitles":["Migration Utils","cleanupAfterMigration"],"fullName":"Migration Utils cleanupAfterMigration should clean up localStorage after successful migration","status":"failed","title":"should clean up localStorage after successful migration","duration":12.61939999461174,"failureMessages":["AssertionError: expected \"spy\" to be called with arguments: [ 'calculator-history' ]\u001b[90m\n\nReceived: \n\n\u001b[1m  1st spy call:\n\n\u001b[22m\u001b[2m  [\u001b[22m\n\u001b[32m-   \"calculator-history\",\u001b[90m\n\u001b[31m+   \"getItem\",\u001b[90m\n\u001b[2m  ]\u001b[22m\n\n\u001b[1m  2nd spy call:\n\n\u001b[22m\u001b[2m  [\u001b[22m\n\u001b[32m-   \"calculator-history\",\u001b[90m\n\u001b[31m+   \"setItem\",\u001b[90m\n\u001b[2m  ]\u001b[22m\n\n\u001b[1m  3rd spy call:\n\n\u001b[22m\u001b[2m  [\u001b[22m\n\u001b[32m-   \"calculator-history\",\u001b[90m\n\u001b[31m+   \"removeItem\",\u001b[90m\n\u001b[2m  ]\u001b[22m\n\n\u001b[1m  4th spy call:\n\n\u001b[22m\u001b[2m  [\u001b[22m\n\u001b[32m-   \"calculator-history\",\u001b[90m\n\u001b[31m+   \"clear\",\u001b[90m\n\u001b[2m  ]\u001b[22m\n\n\u001b[1m  5th spy call:\n\n\u001b[22m\u001b[2m  [\u001b[22m\n\u001b[32m-   \"calculator-history\",\u001b[90m\n\u001b[31m+   \"key\",\u001b[90m\n\u001b[2m  ]\u001b[22m\n\n\u001b[1m  6th spy call:\n\n\u001b[22m\u001b[2m  [\u001b[22m\n\u001b[32m-   \"calculator-history\",\u001b[90m\n\u001b[31m+   \"length\",\u001b[90m\n\u001b[2m  ]\u001b[22m\n\u001b[39m\u001b[90m\n\nNumber of calls: \u001b[1m6\u001b[22m\n\u001b[39m\n    at Proxy.<anonymous> (file:///D:/0CODE/lovable/At-your-service/a_votre_service/node_modules/@vitest/expect/dist/index.js:1355:10)\n    at Proxy.<anonymous> (file:///D:/0CODE/lovable/At-your-service/a_votre_service/node_modules/@vitest/expect/dist/index.js:1029:14)\n    at Proxy.toHaveBeenCalledWith (file:///D:/0CODE/lovable/At-your-service/a_votre_service/node_modules/chai/index.js:1686:25)\n    at D:\\0CODE\\lovable\\At-your-service\\a_votre_service\\src\\utils\\__tests__\\migrationUtils.test.ts:252:43\n    at file:///D:/0CODE/lovable/At-your-service/a_votre_service/node_modules/@vitest/runner/dist/chunk-hooks.js:155:11\n    at file:///D:/0CODE/lovable/At-your-service/a_votre_service/node_modules/@vitest/runner/dist/chunk-hooks.js:752:26\n    at file:///D:/0CODE/lovable/At-your-service/a_votre_service/node_modules/@vitest/runner/dist/chunk-hooks.js:1897:20\n    at new Promise (<anonymous>)\n    at runWithTimeout (file:///D:/0CODE/lovable/At-your-service/a_votre_service/node_modules/@vitest/runner/dist/chunk-hooks.js:1863:10)\n    at runTest (file:///D:/0CODE/lovable/At-your-service/a_votre_service/node_modules/@vitest/runner/dist/chunk-hooks.js:1574:12)"],"location":{"line":243,"column":5},"meta":{}},{"ancestorTitles":["Migration Utils","cleanupAfterMigration"],"fullName":"Migration Utils cleanupAfterMigration should not clean up if migration failed","status":"failed","title":"should not clean up if migration failed","duration":2.5392999947071075,"failureMessages":["AssertionError: expected \"spy\" to not be called at all, but actually been called 7 times\u001b[90m\n\nReceived: \n\n\u001b[1m  1st spy call:\n\n\u001b[22m    Array [\n      \"getItem\",\n    ]\n\n\u001b[1m  2nd spy call:\n\n\u001b[22m    Array [\n      \"setItem\",\n    ]\n\n\u001b[1m  3rd spy call:\n\n\u001b[22m    Array [\n      \"removeItem\",\n    ]\n\n\u001b[1m  4th spy call:\n\n\u001b[22m    Array [\n      \"clear\",\n    ]\n\n\u001b[1m  5th spy call:\n\n\u001b[22m    Array [\n      \"key\",\n    ]\n\n\u001b[1m  6th spy call:\n\n\u001b[22m    Array [\n      \"length\",\n    ]\n\n\u001b[1m  7th spy call:\n\n\u001b[22m    Array [\n      \"__migration_backup__\",\n    ]\n\u001b[39m\u001b[90m\n\nNumber of calls: \u001b[1m7\u001b[22m\n\u001b[39m\n    at Proxy.<anonymous> (file:///D:/0CODE/lovable/At-your-service/a_votre_service/node_modules/@vitest/expect/dist/index.js:1335:10)\n    at Proxy.<anonymous> (file:///D:/0CODE/lovable/At-your-service/a_votre_service/node_modules/@vitest/expect/dist/index.js:1029:14)\n    at Proxy.toHaveBeenCalled (file:///D:/0CODE/lovable/At-your-service/a_votre_service/node_modules/chai/index.js:1686:25)\n    at D:\\0CODE\\lovable\\At-your-service\\a_votre_service\\src\\utils\\__tests__\\migrationUtils.test.ts:260:47\n    at file:///D:/0CODE/lovable/At-your-service/a_votre_service/node_modules/@vitest/runner/dist/chunk-hooks.js:155:11\n    at file:///D:/0CODE/lovable/At-your-service/a_votre_service/node_modules/@vitest/runner/dist/chunk-hooks.js:752:26\n    at file:///D:/0CODE/lovable/At-your-service/a_votre_service/node_modules/@vitest/runner/dist/chunk-hooks.js:1897:20\n    at new Promise (<anonymous>)\n    at runWithTimeout (file:///D:/0CODE/lovable/At-your-service/a_votre_service/node_modules/@vitest/runner/dist/chunk-hooks.js:1863:10)\n    at runTest (file:///D:/0CODE/lovable/At-your-service/a_votre_service/node_modules/@vitest/runner/dist/chunk-hooks.js:1574:12)"],"location":{"line":257,"column":5},"meta":{}},{"ancestorTitles":["Migration Utils","restoreFromBackup"],"fullName":"Migration Utils restoreFromBackup should restore data from backup successfully","status":"failed","title":"should restore data from backup successfully","duration":2.535199999809265,"failureMessages":["AssertionError: expected false to be true // Object.is equality\n    at D:\\0CODE\\lovable\\At-your-service\\a_votre_service\\src\\utils\\__tests__\\migrationUtils.test.ts:288:30\n    at file:///D:/0CODE/lovable/At-your-service/a_votre_service/node_modules/@vitest/runner/dist/chunk-hooks.js:752:20"],"location":{"line":265,"column":5},"meta":{}},{"ancestorTitles":["Migration Utils","restoreFromBackup"],"fullName":"Migration Utils restoreFromBackup should handle missing backup","status":"passed","title":"should handle missing backup","duration":1.561599999666214,"failureMessages":[],"location":{"line":296,"column":5},"meta":{}},{"ancestorTitles":["Migration Utils","restoreFromBackup"],"fullName":"Migration Utils restoreFromBackup should handle corrupted backup","status":"passed","title":"should handle corrupted backup","duration":1.5434999987483025,"failureMessages":[],"location":{"line":307,"column":5},"meta":{}}],"startTime":1757668193553,"endTime":1757668193636.5435,"status":"failed","message":"","name":"D:/0CODE/lovable/At-your-service/a_votre_service/src/utils/__tests__/migrationUtils.test.ts"}]}